<?xml version="1.0" encoding="UTF-8"?>
<testng-results skipped="0" failed="0" ignored="0" total="1" passed="1">
  <reporter-output>
  </reporter-output>
  <suite name="Default suite" duration-ms="7348" started-at="2019-10-09T21:33:19Z" finished-at="2019-10-09T21:33:26Z">
    <groups>
    </groups>
    <test name="Default test" duration-ms="7348" started-at="2019-10-09T21:33:19Z" finished-at="2019-10-09T21:33:26Z">
      <class name="com.assign.testcases.GoogleSearchTest">
        <test-method status="PASS" signature="setUp()[pri:0, instance:com.assign.testcases.GoogleSearchTest@5ec0a365]" name="setUp" is-config="true" duration-ms="3408" started-at="2019-10-10T01:33:15Z" finished-at="2019-10-10T01:33:19Z">
          <reporter-output>
          </reporter-output>
        </test-method> <!-- setUp -->
        <test-method status="PASS" signature="printTitleAndSections()[pri:0, instance:com.assign.testcases.GoogleSearchTest@5ec0a365]" name="printTitleAndSections" duration-ms="7314" started-at="2019-10-10T01:33:19Z" finished-at="2019-10-10T01:33:26Z">
          <reporter-output>
          </reporter-output>
        </test-method> <!-- printTitleAndSections -->
        <test-method status="PASS" signature="quitBrowser()[pri:0, instance:com.assign.testcases.GoogleSearchTest@5ec0a365]" name="quitBrowser" is-config="true" duration-ms="169" started-at="2019-10-10T01:33:26Z" finished-at="2019-10-10T01:33:26Z">
          <reporter-output>
          </reporter-output>
        </test-method> <!-- quitBrowser -->
      </class> <!-- com.assign.testcases.GoogleSearchTest -->
    </test> <!-- Default test -->
  </suite> <!-- Default suite -->
</testng-results>
